<html>
<body>
<pre>
<h1>Vision Build Log</h1>
<h2>Tool Versions:</h2>
IDE-Version: μVision V5.28.0.0
Copyright (C) 2019 ARM Ltd and ARM Germany GmbH. All rights reserved.
License Information: Jahn,  , LIC=BUUFW-Q6WB0-EHA8P-MIN6E-VLY2R-NQCXC
 
Tool Versions:
Toolchain:       MDK-ARM Plus  Version: 5.28.0.0
Toolchain Path:  D:\keil_v5\ARM\ARMCC\Bin
C Compiler:      Armcc.exe V5.06 update 6 (build 750)
Assembler:       Armasm.exe V5.06 update 6 (build 750)
Linker/Locator:  ArmLink.exe V5.06 update 6 (build 750)
Library Manager: ArmAr.exe V5.06 update 6 (build 750)
Hex Converter:   FromElf.exe V5.06 update 6 (build 750)
CPU DLL:         SARMCM3.DLL V5.28.0.0
Dialog DLL:      DCM.DLL V1.17.3.0
Target DLL:      UL2CM3.DLL V1.162.16.0
Dialog DLL:      TCM.DLL V1.36.2.0
 
<h2>Project:</h2>
C:\Users\Jahn\Desktop\Allergo\SoftWare\MyFly\MyFly.uvprojx
Project File Date:  10/07/2019

<h2>Output:</h2>
*** Using Compiler 'V5.06 update 6 (build 750)', folder: 'D:\keil_v5\ARM\ARMCC\Bin'
Rebuild target 'MyFly'
compiling stm32f10x_it.c...
compiling main.c...
compiling My_FlyCtrl.c...
compiling BSP_Init.c...
compiling My_Parameter.c...
compiling My_Scheduler.c...
SRC\appllication\My_Scheduler.c(50): warning:  #223-D: function "WCXY_Acc_Get_Task" declared implicitly
  	WCXY_Acc_Get_Task();
SRC\appllication\My_Scheduler.c(92): warning:  #223-D: function "RC_duty_task" declared implicitly
  	RC_duty_task(10);
SRC\appllication\My_Scheduler.c: 2 warnings, 0 errors
compiling My_DT.c...
compiling My_OF.c...
compiling My_FcData.c...
compiling My_Math.c...
compiling My_Filter.c...
compiling My_RC.c...
compiling My_Imu.c...
compiling My_MotionCal.c...
compiling My_Pid.c...
compiling My_Navigate.c...
compiling My_FlightCtrl.c...
SRC\function\My_FlightCtrl.c(176): error:  #136: struct "<unnamed>"  has no field "locking"
  		if(mc.ct_val_thr<250 && flag.unlock_sta == 1 && flag.locking != 2)//ABS(wz_spe_f1.out <20 ) //还应当 与上速度条件，速度小于正20厘米每秒。
SRC\function\My_FlightCtrl.c(464): error: At end of source:  #67: expected a "}"
SRC\function\My_FlightCtrl.c: 0 warnings, 2 errors
compiling My_FlightDataCal.c...
SRC\function\My_FlightDataCal.c(201): error:  #20: identifier "tof_height_mm" is undefined
  				ref_tof_height = tof_height_mm/10;
SRC\function\My_FlightDataCal.c: 0 warnings, 1 error
compiling My_LocCtrl.c...
compiling My_AltCtrl.c...
compiling My_AttCtrl.c...
compiling My_MagProcess.c...
compiling Drv_ak8975.c...
compiling My_Power.c...
compiling Drv_pwm_out.c...
compiling Drv_led.c...
compiling My_MotorCtrl.c...
compiling Drv_icm20602.c...
compiling Drv_adc.c...
compiling Drv_spi.c...
compiling Drv_UP_Flow.c...
compiling Drv_nrf.c...
compiling Drv_w25qxx.c...
compiling Drv_time.c...
compiling Drv_spl06.c...
compiling core_cm3.c...
compiling stm32f10x_bkp.c...
compiling misc.c...
compiling stm32f10x_adc.c...
compiling stm32f10x_cec.c...
compiling stm32f10x_can.c...
compiling stm32f10x_crc.c...
compiling Drv_usart.c...
SRC\drivers\Drv_usart.c(79): warning:  #550-D: variable "com_data"  was set but never used
      u8 com_data;
SRC\drivers\Drv_usart.c: 1 warning, 0 errors
compiling stm32f10x_dbgmcu.c...
compiling stm32f10x_dac.c...
compiling stm32f10x_exti.c...
compiling stm32f10x_gpio.c...
compiling stm32f10x_dma.c...
compiling stm32f10x_fsmc.c...
compiling stm32f10x_flash.c...
compiling stm32f10x_pwr.c...
compiling stm32f10x_iwdg.c...
compiling stm32f10x_rtc.c...
compiling stm32f10x_spi.c...
compiling stm32f10x_rcc.c...
compiling stm32f10x_sdio.c...
compiling stm32f10x_i2c.c...
assembling startup_stm32f10x_md.s...
compiling stm32f10x_wwdg.c...
compiling system_stm32f10x.c...
compiling stm32f10x_usart.c...
compiling stm32f10x_tim.c...
".\Objects\MyFly.axf" - 3 Error(s), 3 Warning(s).

<h2>Software Packages used:</h2>

Package Vendor: Keil
                http://www.keil.com/pack/Keil.STM32F1xx_DFP.2.3.0.pack
                Keil.STM32F1xx_DFP.2.3.0
                STMicroelectronics STM32F1 Series Device Support, Drivers and Examples

<h2>Collection of Component include folders:</h2>
  .\RTE\_MyFly
  D:\keil_v5\PACK\Keil\STM32F1xx_DFP\2.3.0\Device\Include

<h2>Collection of Component Files used:</h2>
Target not created.
Build Time Elapsed:  00:00:09
</pre>
</body>
</html>
